<?xml version="1.0" encoding="UTF-8"?>
<!-- Generated by org.testng.reporters.JUnitXMLReporter -->
<testsuite hostname="AFSWWIDKM70OES" ignored="0" name="Default test" tests="6" failures="0" timestamp="2022-07-14T22:41:43 EDT" time="0.035" errors="0">
  <testcase name="@BeforeSuite setup" time="3.216" classname="com.provider.springboot.selenium.LoginTesting">
    <failure type="java.lang.NoSuchMethodError" message="com.google.common.collect.ImmutableMap.of(Ljava/lang/Object;Ljava/lang/Object;Ljava/lang/Object;Ljava/lang/Object;Ljava/lang/Object;Ljava/lang/Object;Ljava/lang/Object;Ljava/lang/Object;Ljava/lang/Object;Ljava/lang/Object;Ljava/lang/Object;Ljava/lang/Object;)Lcom/google/common/collect/ImmutableMap;">
      <![CDATA[java.lang.NoSuchMethodError: com.google.common.collect.ImmutableMap.of(Ljava/lang/Object;Ljava/lang/Object;Ljava/lang/Object;Ljava/lang/Object;Ljava/lang/Object;Ljava/lang/Object;Ljava/lang/Object;Ljava/lang/Object;Ljava/lang/Object;Ljava/lang/Object;Ljava/lang/Object;Ljava/lang/Object;)Lcom/google/common/collect/ImmutableMap;
at org.openqa.selenium.chrome.AddHasCasting.getAdditionalCommands(AddHasCasting.java:38)
at org.openqa.selenium.chrome.ChromeDriver$ChromeDriverCommandExecutor.getExtraCommands(ChromeDriver.java:123)
at org.openqa.selenium.chrome.ChromeDriver$ChromeDriverCommandExecutor.<init>(ChromeDriver.java:118)
at org.openqa.selenium.chrome.ChromeDriver.<init>(ChromeDriver.java:106)
at org.openqa.selenium.chrome.ChromeDriver.<init>(ChromeDriver.java:93)
at org.openqa.selenium.chrome.ChromeDriver.<init>(ChromeDriver.java:82)
at com.provider.springboot.selenium.SeleniumWebDriverConfig.ChromeWebDriver(SeleniumWebDriverConfig.java:17)
at com.provider.springboot.selenium.LoginTesting.setup(LoginTesting.java:45)
at sun.reflect.NativeMethodAccessorImpl.invoke0(Native Method)
at sun.reflect.NativeMethodAccessorImpl.invoke(NativeMethodAccessorImpl.java:62)
at sun.reflect.DelegatingMethodAccessorImpl.invoke(DelegatingMethodAccessorImpl.java:43)
at java.lang.reflect.Method.invoke(Method.java:498)
at org.testng.internal.MethodInvocationHelper.invokeMethod(MethodInvocationHelper.java:133)
at org.testng.internal.MethodInvocationHelper.invokeMethodConsideringTimeout(MethodInvocationHelper.java:62)
at org.testng.internal.ConfigInvoker.invokeConfigurationMethod(ConfigInvoker.java:385)
at org.testng.internal.ConfigInvoker.invokeConfigurations(ConfigInvoker.java:321)
at org.testng.SuiteRunner.privateRun(SuiteRunner.java:317)
at org.testng.SuiteRunner.run(SuiteRunner.java:276)
at org.testng.SuiteRunnerWorker.runSuite(SuiteRunnerWorker.java:53)
at org.testng.SuiteRunnerWorker.run(SuiteRunnerWorker.java:96)
at org.testng.TestNG.runSuitesSequentially(TestNG.java:1212)
at org.testng.TestNG.runSuitesLocally(TestNG.java:1134)
at org.testng.TestNG.runSuites(TestNG.java:1063)
at org.testng.TestNG.run(TestNG.java:1031)
at org.testng.remote.AbstractRemoteTestNG.run(AbstractRemoteTestNG.java:115)
at org.testng.remote.RemoteTestNG.initAndRun(RemoteTestNG.java:251)
at org.testng.remote.RemoteTestNG.main(RemoteTestNG.java:77)
]]>
    </failure>
  </testcase> <!-- @BeforeSuite setup -->
  <testcase name="@BeforeTest beforeEach" time="-1.657852903742E9" classname="com.provider.springboot.selenium.LoginTesting">
    <skipped/>
  </testcase> <!-- @BeforeTest beforeEach -->
  <testcase name="givenLoginPage_whenInvalidUsernameValidPassword_thenErrorOnLoginPage" time="0.0" classname="com.provider.springboot.selenium.LoginTesting">
    <skipped/>
  </testcase> <!-- givenLoginPage_whenInvalidUsernameValidPassword_thenErrorOnLoginPage -->
  <testcase name="givenLoginPage_whenNullUsernameAndNullPassword_thenErrorOnLoginPage" time="0.0" classname="com.provider.springboot.selenium.LoginTesting">
    <skipped/>
  </testcase> <!-- givenLoginPage_whenNullUsernameAndNullPassword_thenErrorOnLoginPage -->
  <testcase name="givenLoginPage_whenNullUsernameAndValidPassword_thenErrorOnLoginPage" time="0.0" classname="com.provider.springboot.selenium.LoginTesting">
    <skipped/>
  </testcase> <!-- givenLoginPage_whenNullUsernameAndValidPassword_thenErrorOnLoginPage -->
  <testcase name="givenLoginPage_whenValidUsernameAndNullPassword_thenErrorOnLoginPage" time="0.0" classname="com.provider.springboot.selenium.LoginTesting">
    <skipped/>
  </testcase> <!-- givenLoginPage_whenValidUsernameAndNullPassword_thenErrorOnLoginPage -->
  <testcase name="givenLoginPage_whenValidUsernameAndPassword_thenNavigateToHomePage" time="0.0" classname="com.provider.springboot.selenium.LoginTesting">
    <skipped/>
  </testcase> <!-- givenLoginPage_whenValidUsernameAndPassword_thenNavigateToHomePage -->
  <testcase name="givenLoginPage_whenValidUsernameInvalidPassword_thenErrorOnLoginPage" time="0.0" classname="com.provider.springboot.selenium.LoginTesting">
    <skipped/>
  </testcase> <!-- givenLoginPage_whenValidUsernameInvalidPassword_thenErrorOnLoginPage -->
</testsuite> <!-- Default test -->
