<?xml version="1.0" encoding="UTF-8"?>
<!-- Generated by org.testng.reporters.JUnitXMLReporter -->
<testsuite hostname="AFSWWIDKM70OES" ignored="0" name="Default test" tests="7" failures="0" timestamp="2022-08-11T19:51:33 EDT" time="7.389" errors="0">
  <testcase name="givenPreAddedSubscriber_whenAddressIsChanged_thenSubscriberIsUpdated" time="1.313" classname="com.provider.springboot.uiTests.TestCaseSubscriberFormUI"/>
  <testcase name="givenPreAddedSubscriber_whenEmailIsChanged_thenSubscriberIsUpdated" time="0.419" classname="com.provider.springboot.uiTests.TestCaseSubscriberFormUI"/>
  <testcase name="givenPreAddedSubscriber_whenUsernameIsChanged_thenSubscriberIsUpdated" time="0.367" classname="com.provider.springboot.uiTests.TestCaseSubscriberFormUI"/>
  <testcase name="givenSubscriberPage_whenAllInputFieldsValidTheSecondTime_thenAddSubscriberToList" time="0.258" classname="com.provider.springboot.uiTests.TestCaseSubscriberFormUI"/>
  <testcase name="givenSubscriberPage_whenAllInputFieldsValid_thenAddSubscriberToList" time="0.241" classname="com.provider.springboot.uiTests.TestCaseSubscriberFormUI"/>
  <testcase name="givenSubscriberPage_whenEmptyEmail_AddButtonIsDisabled" time="0.308" classname="com.provider.springboot.uiTests.TestCaseSubscriberFormUI"/>
  <testcase name="givenSubscriberPage_whenEmptyUsername_AddButtonIsDisabled" time="0.349" classname="com.provider.springboot.uiTests.TestCaseSubscriberFormUI"/>
</testsuite> <!-- Default test -->
